<?xml version="1.0" encoding="UTF-8"?>
<testng-results ignored="0" total="1" passed="1" failed="0" skipped="0">
  <reporter-output>
  </reporter-output>
  <suite started-at="2025-01-13T16:04:50 GMT+03:00" name="Default suite" finished-at="2025-01-13T16:04:59 GMT+03:00" duration-ms="8434">
    <groups>
    </groups>
    <test started-at="2025-01-13T16:04:50 GMT+03:00" name="Default test" finished-at="2025-01-13T16:04:59 GMT+03:00" duration-ms="8434">
      <class name="myFirstProject.MyTestCases">
        <test-method is-config="true" signature="mySetUp()[pri:0, instance:myFirstProject.MyTestCases@52d645b1]" started-at="2025-01-13T16:04:50 GMT+03:00" name="mySetUp" finished-at="2025-01-13T16:04:51 GMT+03:00" duration-ms="690" status="PASS">
          <reporter-output>
          </reporter-output>
        </test-method> <!-- mySetUp -->
        <test-method signature="myFirstTest()[pri:0, instance:myFirstProject.MyTestCases@52d645b1]" started-at="2025-01-13T16:04:51 GMT+03:00" name="myFirstTest" finished-at="2025-01-13T16:04:54 GMT+03:00" duration-ms="2638" status="PASS">
          <reporter-output>
          </reporter-output>
        </test-method> <!-- myFirstTest -->
        <test-method is-config="true" signature="AfterTestIsDone()[pri:0, instance:myFirstProject.MyTestCases@52d645b1]" started-at="2025-01-13T16:04:54 GMT+03:00" name="AfterTestIsDone" finished-at="2025-01-13T16:04:59 GMT+03:00" duration-ms="5070" status="PASS">
          <reporter-output>
          </reporter-output>
        </test-method> <!-- AfterTestIsDone -->
      </class> <!-- myFirstProject.MyTestCases -->
    </test> <!-- Default test -->
  </suite> <!-- Default suite -->
</testng-results>
